[0.060s] Invoking command in '/home/lisii/Documents/Github-repos/TransferStation/1_Projects/Current/Radar_alliance/radar_remap_cpp/build/radar_remap_cpp': CMAKE_PREFIX_PATH=/opt/ros/humble _=/usr/bin/env /usr/bin/cmake --build /home/lisii/Documents/Github-repos/TransferStation/1_Projects/Current/Radar_alliance/radar_remap_cpp/build/radar_remap_cpp -- -j12 -l12
[0.121s] [35m[1mConsolidate compiler generated dependencies of target points_subscriber[0m
[0.146s] [ 50%] [32mBuilding CXX object CMakeFiles/points_subscriber.dir/src/points_subscriber.cpp.o[0m
[2.622s] [01m[K/home/lisii/Documents/Github-repos/TransferStation/1_Projects/Current/Radar_alliance/radar_remap_cpp/src/points_subscriber.cpp:36:6:[m[K [01;31m[Kerror: [m[Kvariable or field â€˜[01m[Kremap[m[Kâ€™ declared void
[2.622s]    36 | void [01;31m[Kremap[m[K(Car_points car_points)
[2.622s]       |      [01;31m[K^~~~~[m[K
[2.626s] [01m[K/home/lisii/Documents/Github-repos/TransferStation/1_Projects/Current/Radar_alliance/radar_remap_cpp/src/points_subscriber.cpp:36:12:[m[K [01;31m[Kerror: [m[Kâ€˜[01m[KCar_points[m[Kâ€™ was not declared in this scope
[2.626s]    36 | void remap([01;31m[KCar_points[m[K car_points)
[2.626s]       |            [01;31m[K^~~~~~~~~~[m[K
[2.670s] [01m[K/home/lisii/Documents/Github-repos/TransferStation/1_Projects/Current/Radar_alliance/radar_remap_cpp/src/points_subscriber.cpp:[m[K In member function â€˜[01m[Kvoid Points_subscriber::command_callback(std_msgs::msg::Float32MultiArray_<std::allocator<void> >::SharedPtr)[m[Kâ€™:
[2.670s] [01m[K/home/lisii/Documents/Github-repos/TransferStation/1_Projects/Current/Radar_alliance/radar_remap_cpp/src/points_subscriber.cpp:96:28:[m[K [01;35m[Kwarning: [m[Kcomparison of integer expressions of different signedness: â€˜[01m[Kint[m[Kâ€™ and â€˜[01m[Kstd::vector<float>::size_type[m[Kâ€™ {aka â€˜[01m[Klong unsigned int[m[Kâ€™} [[01;35m[K]8;;https://gcc.gnu.org/onlinedocs/gcc/Warning-Options.html#index-Wsign-compare-Wsign-compare]8;;[m[K]
[2.670s]    96 |         for (auto i = 0; [01;35m[Ki < msg->data.size() - 2[m[K; i += 3) {
[2.670s]       |                          [01;35m[K~~^~~~~~~~~~~~~~~~~~~~~~[m[K
[2.670s] [01m[K/home/lisii/Documents/Github-repos/TransferStation/1_Projects/Current/Radar_alliance/radar_remap_cpp/src/points_subscriber.cpp:98:23:[m[K [01;31m[Kerror: [m[Kâ€˜[01m[Kstruct Car_datas[m[Kâ€™ has no member named â€˜[01m[Kcar_label[m[Kâ€™; did you mean â€˜[01m[Kcar_labels[m[Kâ€™?
[2.671s]    98 |             car_datas.[01;31m[Kcar_label[m[K.push_back(int(msg->data.data()[i]));
[2.671s]       |                       [01;31m[K^~~~~~~~~[m[K
[2.671s]       |                       [32m[Kcar_labels[m[K
[2.678s] [01m[K/home/lisii/Documents/Github-repos/TransferStation/1_Projects/Current/Radar_alliance/radar_remap_cpp/src/points_subscriber.cpp:103:15:[m[K [01;31m[Kerror: [m[Kâ€˜[01m[Kcar_points[m[Kâ€™ was not declared in this scope
[2.678s]   103 |         remap([01;31m[Kcar_points[m[K);
[2.678s]       |               [01;31m[K^~~~~~~~~~[m[K
[4.883s] gmake[2]: *** [CMakeFiles/points_subscriber.dir/build.make:76ï¼šCMakeFiles/points_subscriber.dir/src/points_subscriber.cpp.o] é”™è¯¯ 1
[4.883s] gmake[1]: *** [CMakeFiles/Makefile2:137ï¼šCMakeFiles/points_subscriber.dir/all] é”™è¯¯ 2
[4.883s] gmake: *** [Makefile:146ï¼šall] é”™è¯¯ 2
[4.885s] Invoked command in '/home/lisii/Documents/Github-repos/TransferStation/1_Projects/Current/Radar_alliance/radar_remap_cpp/build/radar_remap_cpp' returned '2': CMAKE_PREFIX_PATH=/opt/ros/humble _=/usr/bin/env /usr/bin/cmake --build /home/lisii/Documents/Github-repos/TransferStation/1_Projects/Current/Radar_alliance/radar_remap_cpp/build/radar_remap_cpp -- -j12 -l12
