[0.059s] Invoking command in '/home/lisii/Documents/Github-repos/TransferStation/1_Projects/Current/Radar_alliance/radar_remap_cpp/build/radar_remap_cpp': CMAKE_PREFIX_PATH=/opt/ros/humble _=/usr/bin/env /usr/bin/cmake --build /home/lisii/Documents/Github-repos/TransferStation/1_Projects/Current/Radar_alliance/radar_remap_cpp/build/radar_remap_cpp -- -j12 -l12
[0.088s] [35m[1mConsolidate compiler generated dependencies of target points_subscriber[0m
[0.102s] [ 50%] [32mBuilding CXX object CMakeFiles/points_subscriber.dir/src/points_subscriber.cpp.o[0m
[2.448s] [01m[K/home/lisii/Documents/Github-repos/TransferStation/1_Projects/Current/Radar_alliance/radar_remap_cpp/src/points_subscriber.cpp:[m[K In function â€˜[01m[Kvoid remap(Car_datas)[m[Kâ€™:
[2.448s] [01m[K/home/lisii/Documents/Github-repos/TransferStation/1_Projects/Current/Radar_alliance/radar_remap_cpp/src/points_subscriber.cpp:38:31:[m[K [01;31m[Kerror: [m[Kâ€˜[01m[Kcar_points[m[Kâ€™ was not declared in this scope
[2.448s]    38 |     std::vector<int> labels = [01;31m[Kcar_points[m[K.car_labels;
[2.449s]       |                               [01;31m[K^~~~~~~~~~[m[K
[2.452s] [01m[K/home/lisii/Documents/Github-repos/TransferStation/1_Projects/Current/Radar_alliance/radar_remap_cpp/src/points_subscriber.cpp:36:22:[m[K [01;35m[Kwarning: [m[Kunused parameter â€˜[01m[Kcar_datas[m[Kâ€™ [[01;35m[K]8;;https://gcc.gnu.org/onlinedocs/gcc/Warning-Options.html#index-Wunused-parameter-Wunused-parameter]8;;[m[K]
[2.452s]    36 | void remap([01;35m[KCar_datas car_datas[m[K)
[2.452s]       |            [01;35m[K~~~~~~~~~~^~~~~~~~~[m[K
[2.496s] [01m[K/home/lisii/Documents/Github-repos/TransferStation/1_Projects/Current/Radar_alliance/radar_remap_cpp/src/points_subscriber.cpp:[m[K In member function â€˜[01m[Kvoid Points_subscriber::command_callback(std_msgs::msg::Float32MultiArray_<std::allocator<void> >::SharedPtr)[m[Kâ€™:
[2.496s] [01m[K/home/lisii/Documents/Github-repos/TransferStation/1_Projects/Current/Radar_alliance/radar_remap_cpp/src/points_subscriber.cpp:97:28:[m[K [01;35m[Kwarning: [m[Kcomparison of integer expressions of different signedness: â€˜[01m[Kint[m[Kâ€™ and â€˜[01m[Kstd::vector<float>::size_type[m[Kâ€™ {aka â€˜[01m[Klong unsigned int[m[Kâ€™} [[01;35m[K]8;;https://gcc.gnu.org/onlinedocs/gcc/Warning-Options.html#index-Wsign-compare-Wsign-compare]8;;[m[K]
[2.496s]    97 |         for (auto i = 0; [01;35m[Ki < msg->data.size() - 2[m[K; i += 3) {
[2.496s]       |                          [01;35m[K~~^~~~~~~~~~~~~~~~~~~~~~[m[K
[2.496s] [01m[K/home/lisii/Documents/Github-repos/TransferStation/1_Projects/Current/Radar_alliance/radar_remap_cpp/src/points_subscriber.cpp:99:23:[m[K [01;31m[Kerror: [m[Kâ€˜[01m[Kstruct Car_datas[m[Kâ€™ has no member named â€˜[01m[Kcar_label[m[Kâ€™; did you mean â€˜[01m[Kcar_labels[m[Kâ€™?
[2.496s]    99 |             car_datas.[01;31m[Kcar_label[m[K.push_back(int(msg->data.data()[i]));
[2.496s]       |                       [01;31m[K^~~~~~~~~[m[K
[2.496s]       |                       [32m[Kcar_labels[m[K
[2.503s] [01m[K/home/lisii/Documents/Github-repos/TransferStation/1_Projects/Current/Radar_alliance/radar_remap_cpp/src/points_subscriber.cpp:104:15:[m[K [01;31m[Kerror: [m[Kâ€˜[01m[Kcar_points[m[Kâ€™ was not declared in this scope
[2.503s]   104 |         remap([01;31m[Kcar_points[m[K);
[2.503s]       |               [01;31m[K^~~~~~~~~~[m[K
[4.748s] gmake[2]: *** [CMakeFiles/points_subscriber.dir/build.make:76ï¼šCMakeFiles/points_subscriber.dir/src/points_subscriber.cpp.o] é”™è¯¯ 1
[4.748s] gmake[1]: *** [CMakeFiles/Makefile2:137ï¼šCMakeFiles/points_subscriber.dir/all] é”™è¯¯ 2
[4.748s] gmake: *** [Makefile:146ï¼šall] é”™è¯¯ 2
[4.750s] Invoked command in '/home/lisii/Documents/Github-repos/TransferStation/1_Projects/Current/Radar_alliance/radar_remap_cpp/build/radar_remap_cpp' returned '2': CMAKE_PREFIX_PATH=/opt/ros/humble _=/usr/bin/env /usr/bin/cmake --build /home/lisii/Documents/Github-repos/TransferStation/1_Projects/Current/Radar_alliance/radar_remap_cpp/build/radar_remap_cpp -- -j12 -l12
